MODE=gui
CFG=Release
QT_KIT=C:\Qt\6.10.1\msvc2022_64
Qt6_DIR=C:\Qt\6.10.1\msvc2022_64\lib\cmake\Qt6
BUILD_DIR=C:\Users\sangw\OneDrive\_softionics\_Programming\2026\SoftionicsHub\build_gui

--------------------------------------------------
Running: git submodule update --init --recursive
--------------------------------------------------
Running: cmake -S . -B "C:\Users\sangw\OneDrive\_softionics\_Programming\2026\SoftionicsHub\build_gui" -G "Visual Studio 17 2022" -A x64 -DCMAKE_PREFIX_PATH="C:\Qt\6.10.1\msvc2022_64" -DQt6_DIR="C:\Qt\6.10.1\msvc2022_64\lib\cmake\Qt6"
-- Selecting Windows SDK version 10.0.22621.0 to target Windows 10.0.26100.
-- Windows Host Detected
-- Applying definition: SIMPLEBLE_LOG_LEVEL=SIMPLEBLE_LOG_LEVEL_INFO
-- Applying definition: SIMPLEBLE_VERSION="0.11.0"
-- Applying definition: FMT_HEADER_ONLY
-- Applying definition: /D_WIN32_WINNT=0x0A00
-- Applying definition: /D_USE_MATH_DEFINES
-- Applying private compile option: /utf-8
-- Applying private compile option: /Gd
-- Applying private compile option: /EHsc
-- Applying private compile option: /WX
-- Applying private compile option: /W1
-- Applying definition: SIMPLEBLE_LOG_LEVEL=SIMPLEBLE_LOG_LEVEL_INFO
-- Applying definition: SIMPLEBLE_VERSION="0.11.0"
-- Applying definition: FMT_HEADER_ONLY
-- Applying definition: /D_WIN32_WINNT=0x0A00
-- Applying definition: /D_USE_MATH_DEFINES
-- Applying private compile option: /utf-8
-- Applying private compile option: /Gd
-- Applying private compile option: /EHsc
-- Applying private compile option: /WX
-- Applying private compile option: /W1
CMake Error at CMakeLists.txt:14 (find_package):
  By not providing "FindQt6.cmake" in CMAKE_MODULE_PATH this project has
  asked CMake to find a package configuration file provided by "Qt6", but
  CMake did not find one.

  Could not find a package configuration file provided by "Qt6" with any of
  the following names:

    Qt6Config.cmake
    qt6-config.cmake

  Add the installation prefix of "Qt6" to CMAKE_PREFIX_PATH or set "Qt6_DIR"
  to a directory containing one of the above files.  If "Qt6" provides a
  separate development package or SDK, be sure it has been installed.


-- Configuring incomplete, errors occurred!
FAILED: cmake -S . -B "C:\Users\sangw\OneDrive\_softionics\_Programming\2026\SoftionicsHub\build_gui" -G "Visual Studio 17 2022" -A x64 -DCMAKE_PREFIX_PATH="C:\Qt\6.10.1\msvc2022_64" -DQt6_DIR="C:\Qt\6.10.1\msvc2022_64\lib\cmake\Qt6"
--------------------------------------------------
Running: cmake --build "C:\Users\sangw\OneDrive\_softionics\_Programming\2026\SoftionicsHub\build_gui" --config Release --target softionics_hub_gui
CMake is re-running because C:/Users/sangw/OneDrive/_softionics/_Programming/2026/SoftionicsHub/build_gui/CMakeFiles/generate.stamp is out-of-date.
  the file 'C:/Program Files/CMake/share/cmake-4.1/Modules/CMakeCCompiler.cmake.in'
  is newer than 'C:/Users/sangw/OneDrive/_softionics/_Programming/2026/SoftionicsHub/build_gui/CMakeFiles/generate.stamp.depend'
  result='0'
-- Selecting Windows SDK version 10.0.22621.0 to target Windows 10.0.26100.
-- Windows Host Detected
-- Applying definition: SIMPLEBLE_LOG_LEVEL=SIMPLEBLE_LOG_LEVEL_INFO
-- Applying definition: SIMPLEBLE_VERSION="0.11.0"
-- Applying definition: FMT_HEADER_ONLY
-- Applying definition: /D_WIN32_WINNT=0x0A00
-- Applying definition: /D_USE_MATH_DEFINES
-- Applying private compile option: /utf-8
-- Applying private compile option: /Gd
-- Applying private compile option: /EHsc
-- Applying private compile option: /WX
-- Applying private compile option: /W1
-- Applying definition: SIMPLEBLE_LOG_LEVEL=SIMPLEBLE_LOG_LEVEL_INFO
-- Applying definition: SIMPLEBLE_VERSION="0.11.0"
-- Applying definition: FMT_HEADER_ONLY
-- Applying definition: /D_WIN32_WINNT=0x0A00
-- Applying definition: /D_USE_MATH_DEFINES
-- Applying private compile option: /utf-8
-- Applying private compile option: /Gd
-- Applying private compile option: /EHsc
-- Applying private compile option: /WX
-- Applying private compile option: /W1
CMake Error at CMakeLists.txt:14 (find_package):
  By not providing "FindQt6.cmake" in CMAKE_MODULE_PATH this project has
  asked CMake to find a package configuration file provided by "Qt6", but
  CMake did not find one.

  Could not find a package configuration file provided by "Qt6" with any of
  the following names:

    Qt6Config.cmake
    qt6-config.cmake

  Add the installation prefix of "Qt6" to CMAKE_PREFIX_PATH or set "Qt6_DIR"
  to a directory containing one of the above files.  If "Qt6" provides a
  separate development package or SDK, be sure it has been installed.


-- Configuring incomplete, errors occurred!
CMake Configure step failed.  Build files cannot be regenerated correctly.
