MODE=gui
CFG=Release
QT_KIT=C:\Qt\6.10.1\msvc2022_64
Qt6_DIR=C:\Qt\6.10.1\msvc2022_64\lib\cmake\Qt6
BUILD_DIR=C:\Users\sangw\OneDrive\_softionics\_Programming\2026\SoftionicsHub\build_gui

Cleaning "C:\Users\sangw\OneDrive\_softionics\_Programming\2026\SoftionicsHub\build_gui"
--------------------------------------------------
Running: git submodule update --init --recursive
--------------------------------------------------
Running: cmake -S . -B "C:\Users\sangw\OneDrive\_softionics\_Programming\2026\SoftionicsHub\build_gui" -G "Visual Studio 17 2022" -A x64 -DCMAKE_PREFIX_PATH="C:\Qt\6.10.1\msvc2022_64" -DQt6_DIR="C:\Qt\6.10.1\msvc2022_64\lib\cmake\Qt6"
-- The CXX compiler identification is MSVC 19.44.35216.0
-- Detecting CXX compiler ABI info
-- Detecting CXX compiler ABI info - done
-- Check for working CXX compiler: C:/Program Files/Microsoft Visual Studio/2022/Community/VC/Tools/MSVC/14.44.35207/bin/Hostx64/x64/cl.exe - skipped
-- Detecting CXX compile features
-- Detecting CXX compile features - done
-- The C compiler identification is MSVC 19.44.35216.0
-- Detecting C compiler ABI info
-- Detecting C compiler ABI info - done
-- Check for working C compiler: C:/Program Files/Microsoft Visual Studio/2022/Community/VC/Tools/MSVC/14.44.35207/bin/Hostx64/x64/cl.exe - skipped
-- Detecting C compile features
-- Detecting C compile features - done
-- Performing Test COMPILER_HAS_DEPRECATED_ATTR
-- Performing Test COMPILER_HAS_DEPRECATED_ATTR - Failed
-- Performing Test COMPILER_HAS_DEPRECATED
-- Performing Test COMPILER_HAS_DEPRECATED - Success
-- Windows Host Detected
-- Applying definition: SIMPLEBLE_LOG_LEVEL=SIMPLEBLE_LOG_LEVEL_INFO
-- Applying definition: SIMPLEBLE_VERSION="0.11.0"
-- Applying definition: FMT_HEADER_ONLY
-- Applying definition: /D_WIN32_WINNT=0x0A00
-- Applying definition: /D_USE_MATH_DEFINES
-- Applying private compile option: /utf-8
-- Applying private compile option: /Gd
-- Applying private compile option: /EHsc
-- Applying private compile option: /WX
-- Applying private compile option: /W1
-- Applying definition: SIMPLEBLE_LOG_LEVEL=SIMPLEBLE_LOG_LEVEL_INFO
-- Applying definition: SIMPLEBLE_VERSION="0.11.0"
-- Applying definition: FMT_HEADER_ONLY
-- Applying definition: /D_WIN32_WINNT=0x0A00
-- Applying definition: /D_USE_MATH_DEFINES
-- Applying private compile option: /utf-8
-- Applying private compile option: /Gd
-- Applying private compile option: /EHsc
-- Applying private compile option: /WX
-- Applying private compile option: /W1
-- Performing Test CMAKE_HAVE_LIBC_PTHREAD
-- Performing Test CMAKE_HAVE_LIBC_PTHREAD - Failed
-- Looking for pthread_create in pthreads
-- Looking for pthread_create in pthreads - not found
-- Looking for pthread_create in pthread
-- Looking for pthread_create in pthread - not found
-- Found Threads: TRUE
-- Performing Test HAVE_STDATOMIC
-- Performing Test HAVE_STDATOMIC - Success
-- Found WrapAtomic: TRUE
-- Could NOT find WrapVulkanHeaders (missing: Vulkan_INCLUDE_DIR) 
-- Could NOT find WrapVulkanHeaders (missing: Vulkan_INCLUDE_DIR) 
-- Configuring done (9.7s)
CMake Error at CMakeLists.txt:10 (add_library):
  Cannot find source file:

    core/src/model/BF16.cpp


CMake Error at CMakeLists.txt:10 (add_library):
  No SOURCES given to target: hub_core


CMake Generate step failed.  Build files cannot be regenerated correctly.
FAILED: cmake -S . -B "C:\Users\sangw\OneDrive\_softionics\_Programming\2026\SoftionicsHub\build_gui" -G "Visual Studio 17 2022" -A x64 -DCMAKE_PREFIX_PATH="C:\Qt\6.10.1\msvc2022_64" -DQt6_DIR="C:\Qt\6.10.1\msvc2022_64\lib\cmake\Qt6"
--------------------------------------------------
Running: cmake --build "C:\Users\sangw\OneDrive\_softionics\_Programming\2026\SoftionicsHub\build_gui" --config Release --target softionics_hub_gui
CMake is re-running because C:/Users/sangw/OneDrive/_softionics/_Programming/2026/SoftionicsHub/build_gui/CMakeFiles/generate.stamp dependency file is missing.
-- Windows Host Detected
-- Applying definition: SIMPLEBLE_LOG_LEVEL=SIMPLEBLE_LOG_LEVEL_INFO
-- Applying definition: SIMPLEBLE_VERSION="0.11.0"
-- Applying definition: FMT_HEADER_ONLY
-- Applying definition: /D_WIN32_WINNT=0x0A00
-- Applying definition: /D_USE_MATH_DEFINES
-- Applying private compile option: /utf-8
-- Applying private compile option: /Gd
-- Applying private compile option: /EHsc
-- Applying private compile option: /WX
-- Applying private compile option: /W1
-- Applying definition: SIMPLEBLE_LOG_LEVEL=SIMPLEBLE_LOG_LEVEL_INFO
-- Applying definition: SIMPLEBLE_VERSION="0.11.0"
-- Applying definition: FMT_HEADER_ONLY
-- Applying definition: /D_WIN32_WINNT=0x0A00
-- Applying definition: /D_USE_MATH_DEFINES
-- Applying private compile option: /utf-8
-- Applying private compile option: /Gd
-- Applying private compile option: /EHsc
-- Applying private compile option: /WX
-- Applying private compile option: /W1
-- Could NOT find WrapVulkanHeaders (missing: Vulkan_INCLUDE_DIR) 
-- Could NOT find WrapVulkanHeaders (missing: Vulkan_INCLUDE_DIR) 
-- Configuring done (0.2s)
CMake Error at CMakeLists.txt:10 (add_library):
  Cannot find source file:

    core/src/model/BF16.cpp


CMake Error at CMakeLists.txt:10 (add_library):
  No SOURCES given to target: hub_core


CMake Generate step failed.  Build files cannot be regenerated correctly.
