MODE=gui
CFG=Release
QT_KIT=C:\Qt\6.10.1\msvc2022_64
Qt6_DIR=C:\Qt\6.10.1\msvc2022_64\lib\cmake\Qt6
BUILD_DIR=C:\Users\sangw\OneDrive\_softionics\_Programming\2026\SoftionicsHub\build_gui

Cleaning "C:\Users\sangw\OneDrive\_softionics\_Programming\2026\SoftionicsHub\build_gui"
--------------------------------------------------
Running: git submodule update --init --recursive
--------------------------------------------------
Running: cmake -S . -B "C:\Users\sangw\OneDrive\_softionics\_Programming\2026\SoftionicsHub\build_gui" -G "Visual Studio 17 2022" -A x64 -DCMAKE_PREFIX_PATH="C:\Qt\6.10.1\msvc2022_64" -DQt6_DIR="C:\Qt\6.10.1\msvc2022_64\lib\cmake\Qt6"
-- The CXX compiler identification is MSVC 19.44.35216.0
-- Detecting CXX compiler ABI info
-- Detecting CXX compiler ABI info - done
-- Check for working CXX compiler: C:/Program Files/Microsoft Visual Studio/2022/Community/VC/Tools/MSVC/14.44.35207/bin/Hostx64/x64/cl.exe - skipped
-- Detecting CXX compile features
-- Detecting CXX compile features - done
-- The C compiler identification is MSVC 19.44.35216.0
-- Detecting C compiler ABI info
-- Detecting C compiler ABI info - done
-- Check for working C compiler: C:/Program Files/Microsoft Visual Studio/2022/Community/VC/Tools/MSVC/14.44.35207/bin/Hostx64/x64/cl.exe - skipped
-- Detecting C compile features
-- Detecting C compile features - done
-- Performing Test COMPILER_HAS_DEPRECATED_ATTR
-- Performing Test COMPILER_HAS_DEPRECATED_ATTR - Failed
-- Performing Test COMPILER_HAS_DEPRECATED
-- Performing Test COMPILER_HAS_DEPRECATED - Success
-- Windows Host Detected
-- Applying definition: SIMPLEBLE_LOG_LEVEL=SIMPLEBLE_LOG_LEVEL_INFO
-- Applying definition: SIMPLEBLE_VERSION="0.11.0"
-- Applying definition: FMT_HEADER_ONLY
-- Applying definition: /D_WIN32_WINNT=0x0A00
-- Applying definition: /D_USE_MATH_DEFINES
-- Applying private compile option: /utf-8
-- Applying private compile option: /Gd
-- Applying private compile option: /EHsc
-- Applying private compile option: /WX
-- Applying private compile option: /W1
-- Applying definition: SIMPLEBLE_LOG_LEVEL=SIMPLEBLE_LOG_LEVEL_INFO
-- Applying definition: SIMPLEBLE_VERSION="0.11.0"
-- Applying definition: FMT_HEADER_ONLY
-- Applying definition: /D_WIN32_WINNT=0x0A00
-- Applying definition: /D_USE_MATH_DEFINES
-- Applying private compile option: /utf-8
-- Applying private compile option: /Gd
-- Applying private compile option: /EHsc
-- Applying private compile option: /WX
-- Applying private compile option: /W1
-- Performing Test CMAKE_HAVE_LIBC_PTHREAD
-- Performing Test CMAKE_HAVE_LIBC_PTHREAD - Failed
-- Looking for pthread_create in pthreads
-- Looking for pthread_create in pthreads - not found
-- Looking for pthread_create in pthread
-- Looking for pthread_create in pthread - not found
-- Found Threads: TRUE
-- Performing Test HAVE_STDATOMIC
-- Performing Test HAVE_STDATOMIC - Success
-- Found WrapAtomic: TRUE
-- Could NOT find WrapVulkanHeaders (missing: Vulkan_INCLUDE_DIR) 
-- Could NOT find WrapVulkanHeaders (missing: Vulkan_INCLUDE_DIR) 
-- Configuring done (9.1s)
-- Generating done (0.3s)
-- Build files have been written to: C:/Users/sangw/OneDrive/_softionics/_Programming/2026/SoftionicsHub/build_gui
--------------------------------------------------
Running: cmake --build "C:\Users\sangw\OneDrive\_softionics\_Programming\2026\SoftionicsHub\build_gui" --config Release --target softionics_hub_gui
msbuild 버전 17.14.23+b0019275e(.NET Framework용)

  1>Checking Build System
  Building Custom Rule C:/Users/sangw/OneDrive/_softionics/_Programming/2026/SoftionicsHub/third_party/simpleble/simpleble/CMakeLists.txt
  Advanced.cpp
  Adapter.cpp
  Peripheral.cpp
  Service.cpp
  Characteristic.cpp
  Descriptor.cpp
  Backend.cpp
  AdapterBase.cpp
  ServiceBase.cpp
  CharacteristicBase.cpp
  DescriptorBase.cpp
  Config.cpp
  Exceptions.cpp
  Logging.cpp
  AdapterSafe.cpp
  PeripheralSafe.cpp
  AdapterWindows.cpp
  PeripheralWindows.cpp
  BackendWinRT.cpp
  MtaManager.cpp
  코드를 생성하고 있습니다...
  컴파일하고 있습니다...
  UsbHelper.cpp
  BackendDongl.cpp
  AdapterDongl.cpp
  PeripheralDongl.cpp
  Protocol.cpp
  ProtocolBase.cpp
  Wire.cpp
  UsbHelperWindows.cpp
  코드를 생성하고 있습니다...
  Utils.cpp
  Utils.cpp
  pb_common.c
  pb_decode.c
  pb_encode.c
  d2h.pb.c
  h2d.pb.c
  basic.pb.c
  simpleble.pb.c
  코드를 생성하고 있습니다...
  simpleble.vcxproj -> C:\Users\sangw\OneDrive\_softionics\_Programming\2026\SoftionicsHub\build_gui\simpleble\Release\simpleble.lib
  Building Custom Rule C:/Users/sangw/OneDrive/_softionics/_Programming/2026/SoftionicsHub/CMakeLists.txt
  Framer.cpp
  Parser.cpp
  Pipeline.cpp
  EMA.cpp
  MA.cpp
  Notch60.cpp
  Bias.cpp
  Linear.cpp
  코드를 생성하고 있습니다...
  hub_core.vcxproj -> C:\Users\sangw\OneDrive\_softionics\_Programming\2026\SoftionicsHub\build_gui\Release\hub_core.lib
  Automatic MOC and UIC for target softionics_hub_gui
  Building Custom Rule C:/Users/sangw/OneDrive/_softionics/_Programming/2026/SoftionicsHub/CMakeLists.txt
  main.cpp
  MainWindow.cpp
C:\Users\sangw\OneDrive\_softionics\_Programming\2026\SoftionicsHub\apps\gui\MainWindow.h(94,5): error C2653: 'QtCharts': 클래스 또는 네임스페이스 이름이 아닙니다. [C:\Users\sangw\OneDrive\_softionics\_Programming\2026\SoftionicsHub\build_gui\softionics_hub_gui.vcxproj]
  (소스 파일 '../apps/gui/main.cpp'을(를) 컴파일하는 중)
  
C:\Users\sangw\OneDrive\_softionics\_Programming\2026\SoftionicsHub\apps\gui\MainWindow.h(95,5): error C2653: 'QtCharts': 클래스 또는 네임스페이스 이름이 아닙니다. [C:\Users\sangw\OneDrive\_softionics\_Programming\2026\SoftionicsHub\build_gui\softionics_hub_gui.vcxproj]
  (소스 파일 '../apps/gui/main.cpp'을(를) 컴파일하는 중)
  
C:\Users\sangw\OneDrive\_softionics\_Programming\2026\SoftionicsHub\apps\gui\MainWindow.h(96,5): error C2653: 'QtCharts': 클래스 또는 네임스페이스 이름이 아닙니다. [C:\Users\sangw\OneDrive\_softionics\_Programming\2026\SoftionicsHub\build_gui\softionics_hub_gui.vcxproj]
  (소스 파일 '../apps/gui/main.cpp'을(를) 컴파일하는 중)
  
C:\Users\sangw\OneDrive\_softionics\_Programming\2026\SoftionicsHub\apps\gui\MainWindow.h(97,5): error C2653: 'QtCharts': 클래스 또는 네임스페이스 이름이 아닙니다. [C:\Users\sangw\OneDrive\_softionics\_Programming\2026\SoftionicsHub\build_gui\softionics_hub_gui.vcxproj]
  (소스 파일 '../apps/gui/main.cpp'을(를) 컴파일하는 중)
  
C:\Users\sangw\OneDrive\_softionics\_Programming\2026\SoftionicsHub\apps\gui\MainWindow.h(99,13): error C2653: 'QtCharts': 클래스 또는 네임스페이스 이름이 아닙니다. [C:\Users\sangw\OneDrive\_softionics\_Programming\2026\SoftionicsHub\build_gui\softionics_hub_gui.vcxproj]
  (소스 파일 '../apps/gui/main.cpp'을(를) 컴파일하는 중)
  
C:\Users\sangw\OneDrive\_softionics\_Programming\2026\SoftionicsHub\apps\gui\MainWindow.h(94,5): error C2653: 'QtCharts': 클래스 또는 네임스페이스 이름이 아닙니다. [C:\Users\sangw\OneDrive\_softionics\_Programming\2026\SoftionicsHub\build_gui\softionics_hub_gui.vcxproj]
  (소스 파일 '../apps/gui/MainWindow.cpp'을(를) 컴파일하는 중)
  
C:\Users\sangw\OneDrive\_softionics\_Programming\2026\SoftionicsHub\apps\gui\MainWindow.h(95,5): error C2653: 'QtCharts': 클래스 또는 네임스페이스 이름이 아닙니다. [C:\Users\sangw\OneDrive\_softionics\_Programming\2026\SoftionicsHub\build_gui\softionics_hub_gui.vcxproj]
  (소스 파일 '../apps/gui/MainWindow.cpp'을(를) 컴파일하는 중)
  
C:\Users\sangw\OneDrive\_softionics\_Programming\2026\SoftionicsHub\apps\gui\MainWindow.h(96,5): error C2653: 'QtCharts': 클래스 또는 네임스페이스 이름이 아닙니다. [C:\Users\sangw\OneDrive\_softionics\_Programming\2026\SoftionicsHub\build_gui\softionics_hub_gui.vcxproj]
  (소스 파일 '../apps/gui/MainWindow.cpp'을(를) 컴파일하는 중)
  
C:\Users\sangw\OneDrive\_softionics\_Programming\2026\SoftionicsHub\apps\gui\MainWindow.h(97,5): error C2653: 'QtCharts': 클래스 또는 네임스페이스 이름이 아닙니다. [C:\Users\sangw\OneDrive\_softionics\_Programming\2026\SoftionicsHub\build_gui\softionics_hub_gui.vcxproj]
  (소스 파일 '../apps/gui/MainWindow.cpp'을(를) 컴파일하는 중)
  
C:\Users\sangw\OneDrive\_softionics\_Programming\2026\SoftionicsHub\apps\gui\MainWindow.h(99,13): error C2653: 'QtCharts': 클래스 또는 네임스페이스 이름이 아닙니다. [C:\Users\sangw\OneDrive\_softionics\_Programming\2026\SoftionicsHub\build_gui\softionics_hub_gui.vcxproj]
  (소스 파일 '../apps/gui/MainWindow.cpp'을(를) 컴파일하는 중)
  
C:\Users\sangw\OneDrive\_softionics\_Programming\2026\SoftionicsHub\apps\gui\MainWindow.cpp(83,18): error C2653: 'QtCharts': 클래스 또는 네임스페이스 이름이 아닙니다. [C:\Users\sangw\OneDrive\_softionics\_Programming\2026\SoftionicsHub\build_gui\softionics_hub_gui.vcxproj]
C:\Users\sangw\OneDrive\_softionics\_Programming\2026\SoftionicsHub\apps\gui\MainWindow.cpp(86,16): error C2653: 'QtCharts': 클래스 또는 네임스페이스 이름이 아닙니다. [C:\Users\sangw\OneDrive\_softionics\_Programming\2026\SoftionicsHub\build_gui\softionics_hub_gui.vcxproj]
C:\Users\sangw\OneDrive\_softionics\_Programming\2026\SoftionicsHub\apps\gui\MainWindow.cpp(87,16): error C2653: 'QtCharts': 클래스 또는 네임스페이스 이름이 아닙니다. [C:\Users\sangw\OneDrive\_softionics\_Programming\2026\SoftionicsHub\build_gui\softionics_hub_gui.vcxproj]
C:\Users\sangw\OneDrive\_softionics\_Programming\2026\SoftionicsHub\apps\gui\MainWindow.cpp(91,22): error C2653: 'QtCharts': 클래스 또는 네임스페이스 이름이 아닙니다. [C:\Users\sangw\OneDrive\_softionics\_Programming\2026\SoftionicsHub\build_gui\softionics_hub_gui.vcxproj]
C:\Users\sangw\OneDrive\_softionics\_Programming\2026\SoftionicsHub\apps\gui\MainWindow.cpp(355,23): error C2653: 'QtCharts': 클래스 또는 네임스페이스 이름이 아닙니다. [C:\Users\sangw\OneDrive\_softionics\_Programming\2026\SoftionicsHub\build_gui\softionics_hub_gui.vcxproj]
  BleWorker.cpp
  mocs_compilation_Release.cpp
C:\Users\sangw\OneDrive\_softionics\_Programming\2026\SoftionicsHub\apps\gui\MainWindow.h(94,5): error C2653: 'QtCharts': 클래스 또는 네임스페이스 이름이 아닙니다. [C:\Users\sangw\OneDrive\_softionics\_Programming\2026\SoftionicsHub\build_gui\softionics_hub_gui.vcxproj]
  (소스 파일 'softionics_hub_gui_autogen/mocs_compilation_Release.cpp'을(를) 컴파일하는 중)
  
C:\Users\sangw\OneDrive\_softionics\_Programming\2026\SoftionicsHub\apps\gui\MainWindow.h(95,5): error C2653: 'QtCharts': 클래스 또는 네임스페이스 이름이 아닙니다. [C:\Users\sangw\OneDrive\_softionics\_Programming\2026\SoftionicsHub\build_gui\softionics_hub_gui.vcxproj]
  (소스 파일 'softionics_hub_gui_autogen/mocs_compilation_Release.cpp'을(를) 컴파일하는 중)
  
C:\Users\sangw\OneDrive\_softionics\_Programming\2026\SoftionicsHub\apps\gui\MainWindow.h(96,5): error C2653: 'QtCharts': 클래스 또는 네임스페이스 이름이 아닙니다. [C:\Users\sangw\OneDrive\_softionics\_Programming\2026\SoftionicsHub\build_gui\softionics_hub_gui.vcxproj]
  (소스 파일 'softionics_hub_gui_autogen/mocs_compilation_Release.cpp'을(를) 컴파일하는 중)
  
C:\Users\sangw\OneDrive\_softionics\_Programming\2026\SoftionicsHub\apps\gui\MainWindow.h(97,5): error C2653: 'QtCharts': 클래스 또는 네임스페이스 이름이 아닙니다. [C:\Users\sangw\OneDrive\_softionics\_Programming\2026\SoftionicsHub\build_gui\softionics_hub_gui.vcxproj]
  (소스 파일 'softionics_hub_gui_autogen/mocs_compilation_Release.cpp'을(를) 컴파일하는 중)
  
C:\Users\sangw\OneDrive\_softionics\_Programming\2026\SoftionicsHub\apps\gui\MainWindow.h(99,13): error C2653: 'QtCharts': 클래스 또는 네임스페이스 이름이 아닙니다. [C:\Users\sangw\OneDrive\_softionics\_Programming\2026\SoftionicsHub\build_gui\softionics_hub_gui.vcxproj]
  (소스 파일 'softionics_hub_gui_autogen/mocs_compilation_Release.cpp'을(를) 컴파일하는 중)
  
  코드를 생성하고 있습니다...
FAILED: cmake --build "C:\Users\sangw\OneDrive\_softionics\_Programming\2026\SoftionicsHub\build_gui" --config Release --target softionics_hub_gui
