CFG=Release
PRESET=win-local-qt

--------------------------------------------------
Running: git submodule update --init --recursive
--------------------------------------------------
Running: cmake --preset "win-local-qt" --fresh
-- The C compiler identification is MSVC 19.44.35216.0
-- The CXX compiler identification is MSVC 19.44.35216.0
-- Detecting C compiler ABI info
-- Detecting C compiler ABI info - done
-- Check for working C compiler: C:/Program Files/Microsoft Visual Studio/2022/Community/VC/Tools/MSVC/14.44.35207/bin/Hostx64/x64/cl.exe - skipped
-- Detecting C compile features
-- Detecting C compile features - done
-- Detecting CXX compiler ABI info
-- Detecting CXX compiler ABI info - done
-- Check for working CXX compiler: C:/Program Files/Microsoft Visual Studio/2022/Community/VC/Tools/MSVC/14.44.35207/bin/Hostx64/x64/cl.exe - skipped
-- Detecting CXX compile features
-- Detecting CXX compile features - done
-- Performing Test COMPILER_HAS_DEPRECATED_ATTR
-- Performing Test COMPILER_HAS_DEPRECATED_ATTR - Failed
-- Performing Test COMPILER_HAS_DEPRECATED
-- Performing Test COMPILER_HAS_DEPRECATED - Success
-- Windows Host Detected
-- Applying definition: SIMPLEBLE_LOG_LEVEL=SIMPLEBLE_LOG_LEVEL_INFO
-- Applying definition: SIMPLEBLE_VERSION="0.11.0"
-- Applying definition: FMT_HEADER_ONLY
-- Applying definition: /D_WIN32_WINNT=0x0A00
-- Applying definition: /D_USE_MATH_DEFINES
-- Applying private compile option: /utf-8
-- Applying private compile option: /Gd
-- Applying private compile option: /EHsc
-- Applying private compile option: /WX
-- Applying private compile option: /W1
-- Applying definition: SIMPLEBLE_LOG_LEVEL=SIMPLEBLE_LOG_LEVEL_INFO
-- Applying definition: SIMPLEBLE_VERSION="0.11.0"
-- Applying definition: FMT_HEADER_ONLY
-- Applying definition: /D_WIN32_WINNT=0x0A00
-- Applying definition: /D_USE_MATH_DEFINES
-- Applying private compile option: /utf-8
-- Applying private compile option: /Gd
-- Applying private compile option: /EHsc
-- Applying private compile option: /WX
-- Applying private compile option: /W1
-- Performing Test CMAKE_HAVE_LIBC_PTHREAD
-- Performing Test CMAKE_HAVE_LIBC_PTHREAD - Failed
-- Looking for pthread_create in pthreads
-- Looking for pthread_create in pthreads - not found
-- Looking for pthread_create in pthread
-- Looking for pthread_create in pthread - not found
-- Found Threads: TRUE
-- Performing Test HAVE_STDATOMIC
-- Performing Test HAVE_STDATOMIC - Success
-- Found WrapAtomic: TRUE
-- Could NOT find WrapVulkanHeaders (missing: Vulkan_INCLUDE_DIR) 
-- Could NOT find WrapVulkanHeaders (missing: Vulkan_INCLUDE_DIR) 
-- Configuring done (20.4s)
-- Generating done (1.8s)
CMake Warning:
  Manually-specified variables were not used by the project:

    CMAKE_BUILD_TYPE


-- Build files have been written to: C:/Users/sangw/OneDrive/_softionics/_Programming/2026/SoftionicsHub/build_gui
--------------------------------------------------
Running: cmake --build --preset "win-local-qt"
msbuild 버전 17.14.23+b0019275e(.NET Framework용)

  Checking File Globs
  1>Checking Build System
  Building Custom Rule C:/Users/sangw/OneDrive/_softionics/_Programming/2026/SoftionicsHub/CMakeLists.txt
  BruteForce_16x2.cpp
C:\Users\sangw\OneDrive\_softionics\_Programming\2026\SoftionicsHub\core\src\model\BruteForce_16x2.cpp(1,1): warning C4819: 현재 코드 페이지(949)에서 표시할 수 없는 문자가 파일에 들어 있습니다. 데이터가 손실되지 않게 하려면 해당 파일을 유니코드 형식으로 저장하십시오. [C:\Users\sangw\OneDrive\_softionics\_Programming\2026\SoftionicsHub\build_gui\hub_models.vcxproj]
  ExampleAlgo_16x1.cpp
  PositionTrackingRegistry.cpp
  코드를 생성하고 있습니다...
  hub_models.vcxproj -> C:\Users\sangw\OneDrive\_softionics\_Programming\2026\SoftionicsHub\build_gui\hub_models.dir\Release\hub_models.lib
  Building Custom Rule C:/Users/sangw/OneDrive/_softionics/_Programming/2026/SoftionicsHub/third_party/simpleble/simpleble/CMakeLists.txt
  simpleble.vcxproj -> C:\Users\sangw\OneDrive\_softionics\_Programming\2026\SoftionicsHub\build_gui\simpleble\Release\simpleble.lib
  Building Custom Rule C:/Users/sangw/OneDrive/_softionics/_Programming/2026/SoftionicsHub/CMakeLists.txt
  hub_core.vcxproj -> C:\Users\sangw\OneDrive\_softionics\_Programming\2026\SoftionicsHub\build_gui\Release\hub_core.lib
  Automatic MOC and UIC for target softionics_hub_gui
  Building Custom Rule C:/Users/sangw/OneDrive/_softionics/_Programming/2026/SoftionicsHub/CMakeLists.txt
  BleWorker.cpp
  MainWindow.cpp
  PositionTrackingEngine.cpp
  PositionTrackingWindow.cpp
  main.cpp
  mocs_compilation_Release.cpp
  코드를 생성하고 있습니다...
  softionics_hub_gui.vcxproj -> C:\Users\sangw\OneDrive\_softionics\_Programming\2026\SoftionicsHub\build_gui\Release\softionics_hub_gui.exe
