MODE=windows CFG=Release 
-------------------------------------------------- 
RUN: cmake --build ".\build_gui" --config Release --target softionics_hub_gui 
-------------------------------------------------- 
msbuild 버전 17.14.23+b0019275e(.NET Framework용)

  simpleble.vcxproj -> C:\Users\sangw\OneDrive\_softionics\_Programming\2026\SoftionicsHub\build_gui\simpleble\Release\simpleble.lib
  hub_core.vcxproj -> C:\Users\sangw\OneDrive\_softionics\_Programming\2026\SoftionicsHub\build_gui\Release\hub_core.lib
  Automatic MOC and UIC for target softionics_hub_gui
  softionics_hub_gui.vcxproj -> C:\Users\sangw\OneDrive\_softionics\_Programming\2026\SoftionicsHub\build_gui\Release\softionics_hub_gui.exe
        1 file(s) copied.
-------------------------------------------------- 
RUN: "C:\Qt\6.10.1\msvc2022_64\bin\windeployqt.exe" --release --compiler-runtime --no-translations --verbose 1 "C:\Users\sangw\OneDrive\_softionics\_Programming\2026\SoftionicsHub\dist\SoftionicsHub_Windows_x64_Release\softionics_hub_gui.exe" 
-------------------------------------------------- 
C:\Users\sangw\OneDrive\_softionics\_Programming\2026\SoftionicsHub\dist\SoftionicsHub_Windows_x64_Release\softionics_hub_gui.exe 64 bit, release executable
Adding in plugin type generic for module: Qt6Gui
Adding Qt6Network for qtuiotouchplugin.dll from plugin type: generic
Adding in plugin type iconengines for module: Qt6Gui
Adding Qt6Svg for qsvgicon.dll from plugin type: iconengines
Adding in plugin type imageformats for module: Qt6Gui
Adding in plugin type networkinformation for module: Qt6Network
Adding in plugin type platforms for module: Qt6Gui
Adding in plugin type styles for module: Qt6Widgets
Adding in plugin type tls for module: Qt6Network
Skipping plugin qopensslbackend.dll. Use -force-openssl or specify -openssl-root if you want to use it.
Performing additional pass of finding Qt plugins due to updated Qt module list: Qt6Charts Qt6Core Qt6Gui Qt6Network Qt6OpenGL Qt6OpenGLWidgets Qt6Svg Qt6Widgets
Adding in plugin type generic for module: Qt6Gui
Adding in plugin type iconengines for module: Qt6Gui
Adding in plugin type imageformats for module: Qt6Gui
Adding in plugin type networkinformation for module: Qt6Network
Adding in plugin type platforms for module: Qt6Gui
Adding in plugin type styles for module: Qt6Widgets
Adding in plugin type tls for module: Qt6Network
Skipping plugin qopensslbackend.dll. Use -force-openssl or specify -openssl-root if you want to use it.
Direct dependencies: Qt6Charts Qt6Core Qt6Gui Qt6OpenGL Qt6OpenGLWidgets Qt6Widgets
All dependencies   : Qt6Charts Qt6Core Qt6Gui Qt6OpenGL Qt6OpenGLWidgets Qt6Widgets
To be deployed     : Qt6Charts Qt6Core Qt6Gui Qt6Network Qt6OpenGL Qt6OpenGLWidgets Qt6Svg Qt6Widgets
Warning: Cannot find any version of the dxcompiler.dll and dxil.dll.
Warning: Cannot find Visual Studio installation directory, VCINSTALLDIR is not set.
Updating icuuc.dll.
Updating Qt6Charts.dll.
Updating Qt6Core.dll.
Updating Qt6Gui.dll.
Updating Qt6Network.dll.
Updating Qt6OpenGL.dll.
Updating Qt6OpenGLWidgets.dll.
Updating Qt6Svg.dll.
Updating Qt6Widgets.dll.
Updating opengl32sw.dll.
Updating D3Dcompiler_47.dll.
Creating directory C:/Users/sangw/OneDrive/_softionics/_Programming/2026/SoftionicsHub/dist/SoftionicsHub_Windows_x64_Release/generic.
Updating qtuiotouchplugin.dll.
Creating directory C:/Users/sangw/OneDrive/_softionics/_Programming/2026/SoftionicsHub/dist/SoftionicsHub_Windows_x64_Release/iconengines.
Updating qsvgicon.dll.
Creating directory C:/Users/sangw/OneDrive/_softionics/_Programming/2026/SoftionicsHub/dist/SoftionicsHub_Windows_x64_Release/imageformats.
Updating qgif.dll.
Updating qico.dll.
Updating qjpeg.dll.
Updating qsvg.dll.
Creating directory C:/Users/sangw/OneDrive/_softionics/_Programming/2026/SoftionicsHub/dist/SoftionicsHub_Windows_x64_Release/networkinformation.
Updating qnetworklistmanager.dll.
Creating directory C:/Users/sangw/OneDrive/_softionics/_Programming/2026/SoftionicsHub/dist/SoftionicsHub_Windows_x64_Release/platforms.
Updating qwindows.dll.
Creating directory C:/Users/sangw/OneDrive/_softionics/_Programming/2026/SoftionicsHub/dist/SoftionicsHub_Windows_x64_Release/styles.
Updating qmodernwindowsstyle.dll.
Creating directory C:/Users/sangw/OneDrive/_softionics/_Programming/2026/SoftionicsHub/dist/SoftionicsHub_Windows_x64_Release/tls.
Updating qcertonlybackend.dll.
Updating qschannelbackend.dll.
